[INFO]: Started logging...
December 3rd 2021, 12:54:21 seed: 1881458950
December 3rd 2021, 12:54:21 seed: 1881458950
December 3rd 2021, 12:54:21 seed: 1881458950
December 3rd 2021, 12:54:21 seed: 1881458950
December 3rd 2021, 12:54:21 seed: 1881458950
December 3rd 2021, 12:54:21 seed: 1881458950
December 3rd 2021, 12:54:21 seed: 1881458950
December 3rd 2021, 12:54:21 seed: 1881458950
December 3rd 2021, 12:54:22 [Warning] onItemPlace handler was registered twice for redstone_torch
December 3rd 2021, 12:54:22 [Warning] onItemPlace handler was registered twice for repeater
December 3rd 2021, 12:54:22 [Warning] onItemPlace handler was registered twice for oak_sign
December 3rd 2021, 12:54:22 [Warning] onItemPlace handler was registered twice for spruce_sign
December 3rd 2021, 12:54:22 [Warning] onItemPlace handler was registered twice for acacia_sign
December 3rd 2021, 12:54:22 [Warning] onItemPlace handler was registered twice for birch_sign
December 3rd 2021, 12:54:22 [Warning] onItemPlace handler was registered twice for jungle_sign
December 3rd 2021, 12:54:22 [Warning] onItemPlace handler was registered twice for dark_oak_sign
December 3rd 2021, 12:54:22 [Warning] onItemPlace handler was registered twice for redstone_torch
December 3rd 2021, 12:54:22 [Warning] onItemPlace handler was registered twice for repeater
December 3rd 2021, 12:54:22 [Warning] onItemPlace handler was registered twice for oak_sign
December 3rd 2021, 12:54:22 [Warning] onItemPlace handler was registered twice for spruce_sign
December 3rd 2021, 12:54:22 [Warning] onItemPlace handler was registered twice for birch_sign
December 3rd 2021, 12:54:22 [Warning] onItemPlace handler was registered twice for acacia_sign
December 3rd 2021, 12:54:22 [Warning] onItemPlace handler was registered twice for jungle_sign
December 3rd 2021, 12:54:22 [Warning] onItemPlace handler was registered twice for dark_oak_sign
December 3rd 2021, 12:54:22 [Warning] onItemPlace handler was registered twice for redstone_torch
December 3rd 2021, 12:54:22 [Warning] onItemPlace handler was registered twice for repeater
December 3rd 2021, 12:54:22 [Warning] onItemPlace handler was registered twice for oak_sign
December 3rd 2021, 12:54:22 [Warning] onItemPlace handler was registered twice for spruce_sign
December 3rd 2021, 12:54:22 [Warning] onItemPlace handler was registered twice for birch_sign
December 3rd 2021, 12:54:22 [Warning] onItemPlace handler was registered twice for acacia_sign
December 3rd 2021, 12:54:22 [Warning] onItemPlace handler was registered twice for jungle_sign
December 3rd 2021, 12:54:22 [Warning] onItemPlace handler was registered twice for dark_oak_sign
December 3rd 2021, 12:54:22 [Warning] onItemPlace handler was registered twice for redstone_torch
December 3rd 2021, 12:54:22 [Warning] onItemPlace handler was registered twice for repeater
December 3rd 2021, 12:54:22 [Warning] onItemPlace handler was registered twice for oak_sign
December 3rd 2021, 12:54:22 [Warning] onItemPlace handler was registered twice for spruce_sign
December 3rd 2021, 12:54:22 [Warning] onItemPlace handler was registered twice for birch_sign
December 3rd 2021, 12:54:22 [Warning] onItemPlace handler was registered twice for acacia_sign
December 3rd 2021, 12:54:22 [Warning] onItemPlace handler was registered twice for jungle_sign
December 3rd 2021, 12:54:22 [Warning] onItemPlace handler was registered twice for dark_oak_sign
December 3rd 2021, 12:54:23 [Warning] onItemPlace handler was registered twice for redstone_torch
December 3rd 2021, 12:54:23 [Warning] onItemPlace handler was registered twice for repeater
December 3rd 2021, 12:54:23 [Warning] onItemPlace handler was registered twice for oak_sign
December 3rd 2021, 12:54:23 [Warning] onItemPlace handler was registered twice for spruce_sign
December 3rd 2021, 12:54:23 [Warning] onItemPlace handler was registered twice for birch_sign
December 3rd 2021, 12:54:23 [Warning] onItemPlace handler was registered twice for acacia_sign
December 3rd 2021, 12:54:23 [Warning] onItemPlace handler was registered twice for jungle_sign
December 3rd 2021, 12:54:23 [Warning] onItemPlace handler was registered twice for dark_oak_sign
December 3rd 2021, 12:54:23 [Warning] onItemPlace handler was registered twice for redstone_torch
December 3rd 2021, 12:54:23 [Warning] onItemPlace handler was registered twice for repeater
December 3rd 2021, 12:54:23 [Warning] onItemPlace handler was registered twice for oak_sign
December 3rd 2021, 12:54:23 [Warning] onItemPlace handler was registered twice for spruce_sign
December 3rd 2021, 12:54:23 [Warning] onItemPlace handler was registered twice for birch_sign
December 3rd 2021, 12:54:23 [Warning] onItemPlace handler was registered twice for acacia_sign
December 3rd 2021, 12:54:23 [Warning] onItemPlace handler was registered twice for jungle_sign
December 3rd 2021, 12:54:23 [Warning] onItemPlace handler was registered twice for dark_oak_sign
December 3rd 2021, 12:54:24 [Warning] onItemPlace handler was registered twice for redstone_torch
December 3rd 2021, 12:54:24 [Warning] onItemPlace handler was registered twice for repeater
December 3rd 2021, 12:54:24 [Warning] onItemPlace handler was registered twice for oak_sign
December 3rd 2021, 12:54:24 [Warning] onItemPlace handler was registered twice for spruce_sign
December 3rd 2021, 12:54:24 [Warning] onItemPlace handler was registered twice for birch_sign
December 3rd 2021, 12:54:24 [Warning] onItemPlace handler was registered twice for acacia_sign
December 3rd 2021, 12:54:24 [Warning] onItemPlace handler was registered twice for jungle_sign
December 3rd 2021, 12:54:24 [Warning] onItemPlace handler was registered twice for dark_oak_sign
December 3rd 2021, 12:54:24 [Warning] onItemPlace handler was registered twice for redstone_torch
December 3rd 2021, 12:54:24 [Warning] onItemPlace handler was registered twice for repeater
December 3rd 2021, 12:54:24 [Warning] onItemPlace handler was registered twice for oak_sign
December 3rd 2021, 12:54:24 [Warning] onItemPlace handler was registered twice for spruce_sign
December 3rd 2021, 12:54:24 [Warning] onItemPlace handler was registered twice for birch_sign
December 3rd 2021, 12:54:24 [Warning] onItemPlace handler was registered twice for acacia_sign
December 3rd 2021, 12:54:24 [Warning] onItemPlace handler was registered twice for jungle_sign
December 3rd 2021, 12:54:24 [Warning] onItemPlace handler was registered twice for dark_oak_sign
December 3rd 2021, 12:54:24 [[32mINFO[39m]: Server listening on port 31224
December 3rd 2021, 12:54:24 [[32mINFO[39m]: Server listening on port 25609
December 3rd 2021, 12:54:24 [[32mINFO[39m]: Server listening on port 39060
December 3rd 2021, 12:54:24 [[32mINFO[39m]: Server listening on port 1180
December 3rd 2021, 12:54:24 [[32mINFO[39m]: Server listening on port 60396
December 3rd 2021, 12:54:24 [[32mINFO[39m]: Server listening on port 60311
December 3rd 2021, 12:54:24 [[32mINFO[39m]: Server listening on port 16086
December 3rd 2021, 12:54:24 [[32mINFO[39m]: Server listening on port 24070
