[INFO]: Started logging...
May 23rd 2022, 23:55:13 seed: 1881458950
May 23rd 2022, 23:55:13 seed: 1881458950
May 23rd 2022, 23:55:28 [Warning] onItemPlace handler was registered twice for redstone_torch
May 23rd 2022, 23:55:28 [Warning] onItemPlace handler was registered twice for repeater
May 23rd 2022, 23:55:28 [Warning] onItemPlace handler was registered twice for oak_sign
May 23rd 2022, 23:55:28 [Warning] onItemPlace handler was registered twice for spruce_sign
May 23rd 2022, 23:55:28 [Warning] onItemPlace handler was registered twice for birch_sign
May 23rd 2022, 23:55:28 [Warning] onItemPlace handler was registered twice for acacia_sign
May 23rd 2022, 23:55:28 [Warning] onItemPlace handler was registered twice for jungle_sign
May 23rd 2022, 23:55:28 [Warning] onItemPlace handler was registered twice for dark_oak_sign
May 23rd 2022, 23:55:28 [[32mINFO[39m]: Server listening on port 1731
May 23rd 2022, 23:55:29 [Warning] onItemPlace handler was registered twice for redstone_torch
May 23rd 2022, 23:55:29 [Warning] onItemPlace handler was registered twice for repeater
May 23rd 2022, 23:55:29 [Warning] onItemPlace handler was registered twice for oak_sign
May 23rd 2022, 23:55:29 [Warning] onItemPlace handler was registered twice for spruce_sign
May 23rd 2022, 23:55:29 [Warning] onItemPlace handler was registered twice for birch_sign
May 23rd 2022, 23:55:29 [Warning] onItemPlace handler was registered twice for acacia_sign
May 23rd 2022, 23:55:29 [Warning] onItemPlace handler was registered twice for jungle_sign
May 23rd 2022, 23:55:29 [Warning] onItemPlace handler was registered twice for dark_oak_sign
May 23rd 2022, 23:55:29 [Warning] onItemPlace handler was registered twice for redstone_torch
May 23rd 2022, 23:55:29 [Warning] onItemPlace handler was registered twice for repeater
May 23rd 2022, 23:55:29 [Warning] onItemPlace handler was registered twice for oak_sign
May 23rd 2022, 23:55:29 [Warning] onItemPlace handler was registered twice for spruce_sign
May 23rd 2022, 23:55:29 [Warning] onItemPlace handler was registered twice for birch_sign
May 23rd 2022, 23:55:29 [Warning] onItemPlace handler was registered twice for acacia_sign
May 23rd 2022, 23:55:29 [Warning] onItemPlace handler was registered twice for jungle_sign
May 23rd 2022, 23:55:29 [Warning] onItemPlace handler was registered twice for dark_oak_sign
May 23rd 2022, 23:55:29 [Warning] onItemPlace handler was registered twice for redstone_torch
May 23rd 2022, 23:55:29 [Warning] onItemPlace handler was registered twice for repeater
May 23rd 2022, 23:55:29 [Warning] onItemPlace handler was registered twice for oak_sign
May 23rd 2022, 23:55:29 [Warning] onItemPlace handler was registered twice for spruce_sign
May 23rd 2022, 23:55:29 [Warning] onItemPlace handler was registered twice for birch_sign
May 23rd 2022, 23:55:29 [Warning] onItemPlace handler was registered twice for acacia_sign
May 23rd 2022, 23:55:29 [Warning] onItemPlace handler was registered twice for jungle_sign
May 23rd 2022, 23:55:29 [Warning] onItemPlace handler was registered twice for dark_oak_sign
May 23rd 2022, 23:55:29 [Warning] onItemPlace handler was registered twice for redstone_torch
May 23rd 2022, 23:55:29 [Warning] onItemPlace handler was registered twice for repeater
May 23rd 2022, 23:55:29 [Warning] onItemPlace handler was registered twice for oak_sign
May 23rd 2022, 23:55:29 [Warning] onItemPlace handler was registered twice for spruce_sign
May 23rd 2022, 23:55:29 [Warning] onItemPlace handler was registered twice for birch_sign
May 23rd 2022, 23:55:29 [Warning] onItemPlace handler was registered twice for acacia_sign
May 23rd 2022, 23:55:29 [Warning] onItemPlace handler was registered twice for jungle_sign
May 23rd 2022, 23:55:29 [Warning] onItemPlace handler was registered twice for dark_oak_sign
May 23rd 2022, 23:55:29 [Warning] onItemPlace handler was registered twice for redstone_torch
May 23rd 2022, 23:55:29 [Warning] onItemPlace handler was registered twice for repeater
May 23rd 2022, 23:55:29 [Warning] onItemPlace handler was registered twice for oak_sign
May 23rd 2022, 23:55:29 [Warning] onItemPlace handler was registered twice for spruce_sign
May 23rd 2022, 23:55:29 [Warning] onItemPlace handler was registered twice for birch_sign
May 23rd 2022, 23:55:29 [Warning] onItemPlace handler was registered twice for acacia_sign
May 23rd 2022, 23:55:29 [Warning] onItemPlace handler was registered twice for jungle_sign
May 23rd 2022, 23:55:29 [Warning] onItemPlace handler was registered twice for dark_oak_sign
May 23rd 2022, 23:55:29 [Warning] onItemPlace handler was registered twice for redstone_torch
May 23rd 2022, 23:55:29 [Warning] onItemPlace handler was registered twice for repeater
May 23rd 2022, 23:55:29 [Warning] onItemPlace handler was registered twice for oak_sign
May 23rd 2022, 23:55:29 [Warning] onItemPlace handler was registered twice for spruce_sign
May 23rd 2022, 23:55:29 [Warning] onItemPlace handler was registered twice for birch_sign
May 23rd 2022, 23:55:29 [Warning] onItemPlace handler was registered twice for acacia_sign
May 23rd 2022, 23:55:29 [Warning] onItemPlace handler was registered twice for jungle_sign
May 23rd 2022, 23:55:29 [Warning] onItemPlace handler was registered twice for dark_oak_sign
May 23rd 2022, 23:55:29 [Warning] onItemPlace handler was registered twice for redstone_torch
May 23rd 2022, 23:55:29 [Warning] onItemPlace handler was registered twice for repeater
May 23rd 2022, 23:55:29 [Warning] onItemPlace handler was registered twice for oak_sign
May 23rd 2022, 23:55:29 [Warning] onItemPlace handler was registered twice for spruce_sign
May 23rd 2022, 23:55:29 [Warning] onItemPlace handler was registered twice for birch_sign
May 23rd 2022, 23:55:29 [Warning] onItemPlace handler was registered twice for acacia_sign
May 23rd 2022, 23:55:29 [Warning] onItemPlace handler was registered twice for jungle_sign
May 23rd 2022, 23:55:29 [Warning] onItemPlace handler was registered twice for dark_oak_sign
May 23rd 2022, 23:55:29 [Warning] onItemPlace handler was registered twice for redstone_torch
May 23rd 2022, 23:55:29 [Warning] onItemPlace handler was registered twice for repeater
May 23rd 2022, 23:55:29 [Warning] onItemPlace handler was registered twice for oak_sign
May 23rd 2022, 23:55:29 [Warning] onItemPlace handler was registered twice for spruce_sign
May 23rd 2022, 23:55:29 [Warning] onItemPlace handler was registered twice for birch_sign
May 23rd 2022, 23:55:29 [Warning] onItemPlace handler was registered twice for acacia_sign
May 23rd 2022, 23:55:29 [Warning] onItemPlace handler was registered twice for jungle_sign
May 23rd 2022, 23:55:29 [Warning] onItemPlace handler was registered twice for dark_oak_sign
May 23rd 2022, 23:55:29 [Warning] onItemPlace handler was registered twice for redstone_torch
May 23rd 2022, 23:55:29 [Warning] onItemPlace handler was registered twice for repeater
May 23rd 2022, 23:55:29 [Warning] onItemPlace handler was registered twice for oak_sign
May 23rd 2022, 23:55:29 [Warning] onItemPlace handler was registered twice for spruce_sign
May 23rd 2022, 23:55:29 [Warning] onItemPlace handler was registered twice for birch_sign
May 23rd 2022, 23:55:29 [Warning] onItemPlace handler was registered twice for acacia_sign
May 23rd 2022, 23:55:29 [Warning] onItemPlace handler was registered twice for jungle_sign
May 23rd 2022, 23:55:29 [Warning] onItemPlace handler was registered twice for dark_oak_sign
May 23rd 2022, 23:55:30 [Warning] onItemPlace handler was registered twice for redstone_torch
May 23rd 2022, 23:55:30 [Warning] onItemPlace handler was registered twice for repeater
May 23rd 2022, 23:55:30 [Warning] onItemPlace handler was registered twice for oak_sign
May 23rd 2022, 23:55:30 [Warning] onItemPlace handler was registered twice for spruce_sign
May 23rd 2022, 23:55:30 [Warning] onItemPlace handler was registered twice for birch_sign
May 23rd 2022, 23:55:30 [Warning] onItemPlace handler was registered twice for acacia_sign
May 23rd 2022, 23:55:30 [Warning] onItemPlace handler was registered twice for jungle_sign
May 23rd 2022, 23:55:30 [Warning] onItemPlace handler was registered twice for dark_oak_sign
May 23rd 2022, 23:55:30 [Warning] onItemPlace handler was registered twice for redstone_torch
May 23rd 2022, 23:55:30 [Warning] onItemPlace handler was registered twice for oak_sign
May 23rd 2022, 23:55:30 [Warning] onItemPlace handler was registered twice for repeater
May 23rd 2022, 23:55:30 [Warning] onItemPlace handler was registered twice for spruce_sign
May 23rd 2022, 23:55:30 [Warning] onItemPlace handler was registered twice for birch_sign
May 23rd 2022, 23:55:30 [Warning] onItemPlace handler was registered twice for dark_oak_sign
May 23rd 2022, 23:55:30 [Warning] onItemPlace handler was registered twice for acacia_sign
May 23rd 2022, 23:55:30 [Warning] onItemPlace handler was registered twice for jungle_sign
May 23rd 2022, 23:55:30 [Warning] onItemPlace handler was registered twice for redstone_torch
May 23rd 2022, 23:55:30 [Warning] onItemPlace handler was registered twice for repeater
May 23rd 2022, 23:55:30 [Warning] onItemPlace handler was registered twice for oak_sign
May 23rd 2022, 23:55:30 [Warning] onItemPlace handler was registered twice for spruce_sign
May 23rd 2022, 23:55:30 [Warning] onItemPlace handler was registered twice for birch_sign
May 23rd 2022, 23:55:30 [Warning] onItemPlace handler was registered twice for acacia_sign
May 23rd 2022, 23:55:30 [Warning] onItemPlace handler was registered twice for jungle_sign
May 23rd 2022, 23:55:30 [Warning] onItemPlace handler was registered twice for dark_oak_sign
May 23rd 2022, 23:55:30 [Warning] onItemPlace handler was registered twice for redstone_torch
May 23rd 2022, 23:55:30 [Warning] onItemPlace handler was registered twice for repeater
May 23rd 2022, 23:55:30 [Warning] onItemPlace handler was registered twice for oak_sign
May 23rd 2022, 23:55:30 [Warning] onItemPlace handler was registered twice for spruce_sign
May 23rd 2022, 23:55:30 [Warning] onItemPlace handler was registered twice for birch_sign
May 23rd 2022, 23:55:30 [Warning] onItemPlace handler was registered twice for acacia_sign
May 23rd 2022, 23:55:30 [Warning] onItemPlace handler was registered twice for jungle_sign
May 23rd 2022, 23:55:30 [Warning] onItemPlace handler was registered twice for dark_oak_sign
May 23rd 2022, 23:55:30 [Warning] onItemPlace handler was registered twice for redstone_torch
May 23rd 2022, 23:55:30 [Warning] onItemPlace handler was registered twice for repeater
May 23rd 2022, 23:55:30 [Warning] onItemPlace handler was registered twice for oak_sign
May 23rd 2022, 23:55:30 [Warning] onItemPlace handler was registered twice for spruce_sign
May 23rd 2022, 23:55:30 [Warning] onItemPlace handler was registered twice for birch_sign
May 23rd 2022, 23:55:30 [Warning] onItemPlace handler was registered twice for acacia_sign
May 23rd 2022, 23:55:30 [Warning] onItemPlace handler was registered twice for jungle_sign
May 23rd 2022, 23:55:30 [Warning] onItemPlace handler was registered twice for dark_oak_sign
May 23rd 2022, 23:55:30 [Warning] onItemPlace handler was registered twice for redstone_torch
May 23rd 2022, 23:55:30 [Warning] onItemPlace handler was registered twice for repeater
May 23rd 2022, 23:55:30 [Warning] onItemPlace handler was registered twice for oak_sign
May 23rd 2022, 23:55:30 [Warning] onItemPlace handler was registered twice for spruce_sign
May 23rd 2022, 23:55:30 [Warning] onItemPlace handler was registered twice for birch_sign
May 23rd 2022, 23:55:30 [Warning] onItemPlace handler was registered twice for acacia_sign
May 23rd 2022, 23:55:30 [Warning] onItemPlace handler was registered twice for jungle_sign
May 23rd 2022, 23:55:30 [Warning] onItemPlace handler was registered twice for dark_oak_sign
May 23rd 2022, 23:55:30 [Warning] onItemPlace handler was registered twice for redstone_torch
May 23rd 2022, 23:55:30 [Warning] onItemPlace handler was registered twice for repeater
May 23rd 2022, 23:55:30 [Warning] onItemPlace handler was registered twice for oak_sign
May 23rd 2022, 23:55:30 [Warning] onItemPlace handler was registered twice for spruce_sign
May 23rd 2022, 23:55:30 [Warning] onItemPlace handler was registered twice for birch_sign
May 23rd 2022, 23:55:30 [Warning] onItemPlace handler was registered twice for acacia_sign
May 23rd 2022, 23:55:30 [Warning] onItemPlace handler was registered twice for jungle_sign
May 23rd 2022, 23:55:30 [Warning] onItemPlace handler was registered twice for dark_oak_sign
May 23rd 2022, 23:55:30 [Warning] onItemPlace handler was registered twice for redstone_torch
May 23rd 2022, 23:55:30 [Warning] onItemPlace handler was registered twice for repeater
May 23rd 2022, 23:55:30 [Warning] onItemPlace handler was registered twice for oak_sign
May 23rd 2022, 23:55:30 [Warning] onItemPlace handler was registered twice for spruce_sign
May 23rd 2022, 23:55:30 [Warning] onItemPlace handler was registered twice for birch_sign
May 23rd 2022, 23:55:30 [Warning] onItemPlace handler was registered twice for acacia_sign
May 23rd 2022, 23:55:30 [Warning] onItemPlace handler was registered twice for jungle_sign
May 23rd 2022, 23:55:30 [Warning] onItemPlace handler was registered twice for dark_oak_sign
May 23rd 2022, 23:55:31 [Warning] onItemPlace handler was registered twice for redstone_torch
May 23rd 2022, 23:55:31 [Warning] onItemPlace handler was registered twice for repeater
May 23rd 2022, 23:55:31 [Warning] onItemPlace handler was registered twice for oak_sign
May 23rd 2022, 23:55:31 [Warning] onItemPlace handler was registered twice for spruce_sign
May 23rd 2022, 23:55:31 [Warning] onItemPlace handler was registered twice for birch_sign
May 23rd 2022, 23:55:31 [Warning] onItemPlace handler was registered twice for acacia_sign
May 23rd 2022, 23:55:31 [Warning] onItemPlace handler was registered twice for jungle_sign
May 23rd 2022, 23:55:31 [Warning] onItemPlace handler was registered twice for dark_oak_sign
May 23rd 2022, 23:55:31 [[32mINFO[39m]: Server listening on port 28067
May 23rd 2022, 23:55:31 [[32mINFO[39m]: Server listening on port 25602
May 23rd 2022, 23:55:31 [[32mINFO[39m]: Server listening on port 61433
May 23rd 2022, 23:55:31 [[32mINFO[39m]: Server listening on port 20903
May 23rd 2022, 23:55:31 [[32mINFO[39m]: Server listening on port 58676
May 23rd 2022, 23:55:31 [[32mINFO[39m]: Server listening on port 15107
May 23rd 2022, 23:55:31 [[32mINFO[39m]: Server listening on port 50002
May 23rd 2022, 23:55:31 [[32mINFO[39m]: Server listening on port 57549
May 23rd 2022, 23:55:31 [[32mINFO[39m]: Server listening on port 41526
May 23rd 2022, 23:55:31 [[32mINFO[39m]: Server listening on port 6828
May 23rd 2022, 23:55:31 [[32mINFO[39m]: Server listening on port 54108
May 23rd 2022, 23:55:31 [[32mINFO[39m]: Server listening on port 36741
May 23rd 2022, 23:55:31 [[32mINFO[39m]: Server listening on port 27700
May 23rd 2022, 23:55:31 [[32mINFO[39m]: Server listening on port 42490
May 23rd 2022, 23:55:31 [[32mINFO[39m]: Server listening on port 21610
May 23rd 2022, 23:55:31 [[32mINFO[39m]: Server listening on port 57429
May 23rd 2022, 23:55:31 [[32mINFO[39m]: Server listening on port 23892
May 23rd 2022, 23:55:31 [[32mINFO[39m]: Server listening on port 49637
